2024-03-26 21:05:18.606 [main] ERROR com.example.usermanagement.service_implements.SyllabusServiceImpl - No syllabus match your description
2024-03-26 21:05:18.612 [main] ERROR com.example.usermanagement.service_implements.SyllabusServiceImpl - Syllabus with topic code: ABC123 is not found
2024-03-26 21:05:18.619 [main] ERROR com.example.usermanagement.service_implements.SyllabusServiceImpl - An error occurred while trying to create new Syllabus. Error message: Simulated database connection error
2024-03-26 21:05:18.627 [main] ERROR com.example.usermanagement.service_implements.SyllabusServiceImpl - An error occurred while trying to delete Syllabus. Error message: Test Exception
2024-03-26 21:05:18.639 [main] ERROR com.example.usermanagement.service_implements.SyllabusServiceImpl - Failed to retrieve syllabuses: Test Exception
2024-03-26 21:05:18.647 [main] ERROR com.example.usermanagement.service_implements.SyllabusServiceImpl - Cannot find Training program with name Test
2024-03-26 21:05:18.648 [main] ERROR com.example.usermanagement.service_implements.SyllabusServiceImpl - Cannot find Training program with name Test
2024-03-26 21:05:18.654 [main] ERROR com.example.usermanagement.service_implements.SyllabusServiceImpl - No syllabus match your description
2024-03-26 21:05:18.668 [main] ERROR com.example.usermanagement.service_implements.SyllabusServiceImpl - Cannot find Training program with name Test
2024-03-26 21:05:18.670 [main] ERROR com.example.usermanagement.service_implements.SyllabusServiceImpl - Cannot find Training program with name Test
2024-03-26 21:05:18.678 [main] ERROR com.example.usermanagement.service_implements.SyllabusServiceImpl - An error occurred while trying to update Syllabus. Error message: Simulated database connection error
2024-03-26 21:05:18.686 [main] ERROR com.example.usermanagement.service_implements.SyllabusServiceImpl - Cannot find Training program with name Test
2024-03-26 21:05:18.687 [main] ERROR com.example.usermanagement.service_implements.SyllabusServiceImpl - Cannot find Training program with name Test
2024-03-26 21:05:18.693 [main] ERROR com.example.usermanagement.service_implements.SyllabusServiceImpl - Currently no records.
2024-03-26 21:05:18.705 [main] ERROR com.example.usermanagement.service_implements.SyllabusServiceImpl - Syllabus with Id: non-existent is not found!
2024-03-26 21:05:18.722 [main] ERROR com.example.usermanagement.service_implements.SyllabusServiceImpl - Cannot find trainingProgram name: Test1
2024-03-26 21:05:18.723 [main] ERROR com.example.usermanagement.service_implements.SyllabusServiceImpl - Cannot find standard output code: H4SD
2024-03-26 21:05:18.732 [main] ERROR com.example.usermanagement.service_implements.SyllabusServiceImpl - Cannot find Training program with name Test
2024-03-26 21:05:18.734 [main] ERROR com.example.usermanagement.service_implements.SyllabusServiceImpl - Cannot find Training program with name Test
2024-03-26 21:05:18.760 [main] ERROR com.example.usermanagement.service_implements.SyllabusServiceImpl - Failed to retrieve syllabuses: Test Exception
2024-03-26 21:05:18.778 [main] ERROR com.example.usermanagement.service_implements.SyllabusServiceImpl - An error occurred while trying to get list of Syllabus. Error message: Database connection error
2024-03-26 21:05:19.011 [main] ERROR com.example.usermanagement.service_implements.TrainingProgramServiceImpl - Invalid Id of Training program.
2024-03-26 21:05:19.016 [main] ERROR com.example.usermanagement.service_implements.TrainingProgramServiceImpl - Training program with Id 1 is not found!
2024-03-26 21:05:19.037 [main] ERROR com.example.usermanagement.service_implements.TrainingProgramServiceImpl - This Training program does not exist.
2024-03-26 21:05:19.040 [main] ERROR com.example.usermanagement.service_implements.TrainingProgramServiceImpl - This email does not exist
2024-03-26 21:05:19.067 [main] ERROR com.example.usermanagement.service_implements.TrainingProgramServiceImpl - This email does not exist!
2024-03-26 21:05:19.078 [main] ERROR com.example.usermanagement.service_implements.TrainingProgramServiceImpl - Invalid duration of Training program.
2024-03-26 21:05:19.083 [main] ERROR com.example.usermanagement.service_implements.TrainingProgramServiceImpl - An error occurred while trying to update Training program. Error message: Database connection error
2024-03-28 13:52:36.647 [main] ERROR com.example.usermanagement.service_implements.SyllabusServiceImpl - No syllabus match your description
2024-03-28 13:52:36.649 [main] ERROR com.example.usermanagement.service_implements.SyllabusServiceImpl - Syllabus with topic code: ABC123 is not found
2024-03-28 13:52:36.652 [main] ERROR com.example.usermanagement.service_implements.SyllabusServiceImpl - An error occurred while trying to create new Syllabus. Error message: Simulated database connection error
2024-03-28 13:52:36.655 [main] ERROR com.example.usermanagement.service_implements.SyllabusServiceImpl - An error occurred while trying to delete Syllabus. Error message: Test Exception
2024-03-28 13:52:36.660 [main] ERROR com.example.usermanagement.service_implements.SyllabusServiceImpl - Failed to retrieve syllabuses: Test Exception
2024-03-28 13:52:36.663 [main] ERROR com.example.usermanagement.service_implements.SyllabusServiceImpl - Cannot find Training program with name Test
2024-03-28 13:52:36.663 [main] ERROR com.example.usermanagement.service_implements.SyllabusServiceImpl - Cannot find Training program with name Test
2024-03-28 13:52:36.666 [main] ERROR com.example.usermanagement.service_implements.SyllabusServiceImpl - No syllabus match your description
2024-03-28 13:52:36.671 [main] ERROR com.example.usermanagement.service_implements.SyllabusServiceImpl - Cannot find Training program with name Test
2024-03-28 13:52:36.672 [main] ERROR com.example.usermanagement.service_implements.SyllabusServiceImpl - Cannot find Training program with name Test
2024-03-28 13:52:36.675 [main] ERROR com.example.usermanagement.service_implements.SyllabusServiceImpl - An error occurred while trying to update Syllabus. Error message: Simulated database connection error
2024-03-28 13:52:36.679 [main] ERROR com.example.usermanagement.service_implements.SyllabusServiceImpl - Cannot find Training program with name Test
2024-03-28 13:52:36.679 [main] ERROR com.example.usermanagement.service_implements.SyllabusServiceImpl - Cannot find Training program with name Test
2024-03-28 13:52:36.681 [main] ERROR com.example.usermanagement.service_implements.SyllabusServiceImpl - Currently no records.
2024-03-28 13:52:36.686 [main] ERROR com.example.usermanagement.service_implements.SyllabusServiceImpl - Syllabus with Id: non-existent is not found!
2024-03-28 13:52:36.694 [main] ERROR com.example.usermanagement.service_implements.SyllabusServiceImpl - Cannot find trainingProgram name: Test1
2024-03-28 13:52:36.694 [main] ERROR com.example.usermanagement.service_implements.SyllabusServiceImpl - Cannot find standard output code: H4SD
2024-03-28 13:52:36.698 [main] ERROR com.example.usermanagement.service_implements.SyllabusServiceImpl - Cannot find Training program with name Test
2024-03-28 13:52:36.699 [main] ERROR com.example.usermanagement.service_implements.SyllabusServiceImpl - Cannot find Training program with name Test
2024-03-28 13:52:36.709 [main] ERROR com.example.usermanagement.service_implements.SyllabusServiceImpl - Failed to retrieve syllabuses: Test Exception
2024-03-28 13:52:36.713 [main] ERROR com.example.usermanagement.service_implements.SyllabusServiceImpl - An error occurred while trying to get list of Syllabus. Error message: Database connection error
2024-03-28 13:52:36.865 [main] ERROR com.example.usermanagement.service_implements.TrainingProgramServiceImpl - Invalid Id of Training program.
2024-03-28 13:52:36.867 [main] ERROR com.example.usermanagement.service_implements.TrainingProgramServiceImpl - Training program with Id 1 is not found!
2024-03-28 13:52:36.875 [main] ERROR com.example.usermanagement.service_implements.TrainingProgramServiceImpl - This Training program does not exist.
2024-03-28 13:52:36.877 [main] ERROR com.example.usermanagement.service_implements.TrainingProgramServiceImpl - This email does not exist
2024-03-28 13:52:36.891 [main] ERROR com.example.usermanagement.service_implements.TrainingProgramServiceImpl - This email does not exist!
2024-03-28 13:52:36.897 [main] ERROR com.example.usermanagement.service_implements.TrainingProgramServiceImpl - Invalid duration of Training program.
2024-03-28 13:52:36.898 [main] ERROR com.example.usermanagement.service_implements.TrainingProgramServiceImpl - An error occurred while trying to update Training program. Error message: Database connection error
2024-03-29 20:20:59.048 [restartedMain] ERROR org.springframework.transaction.interceptor.TransactionInterceptor - Application exception overridden by rollback exception
java.lang.IllegalStateException: Session/EntityManager is closed
	at org.hibernate.internal.AbstractSharedSessionContract.checkOpen(AbstractSharedSessionContract.java:454) ~[hibernate-core-6.4.1.Final.jar:6.4.1.Final]
	at org.hibernate.engine.spi.SharedSessionContractImplementor.checkOpen(SharedSessionContractImplementor.java:187) ~[hibernate-core-6.4.1.Final.jar:6.4.1.Final]
	at org.hibernate.internal.AbstractSharedSessionContract.prepareForQueryExecution(AbstractSharedSessionContract.java:460) ~[hibernate-core-6.4.1.Final.jar:6.4.1.Final]
	at org.hibernate.query.spi.AbstractSelectionQuery.beforeQuery(AbstractSelectionQuery.java:460) ~[hibernate-core-6.4.1.Final.jar:6.4.1.Final]
	at org.hibernate.query.spi.AbstractSelectionQuery.beforeQueryHandlingFetchProfiles(AbstractSelectionQuery.java:446) ~[hibernate-core-6.4.1.Final.jar:6.4.1.Final]
	at org.hibernate.query.spi.AbstractSelectionQuery.list(AbstractSelectionQuery.java:424) ~[hibernate-core-6.4.1.Final.jar:6.4.1.Final]
	at org.hibernate.query.Query.getResultList(Query.java:120) ~[hibernate-core-6.4.1.Final.jar:6.4.1.Final]
	at org.springframework.data.jpa.repository.support.SimpleJpaRepository.findAll(SimpleJpaRepository.java:383) ~[spring-data-jpa-3.2.2.jar:3.2.2]
	at org.springframework.data.jpa.repository.support.SimpleJpaRepository.findAll(SimpleJpaRepository.java:1) ~[spring-data-jpa-3.2.2.jar:3.2.2]
	at java.base/jdk.internal.reflect.NativeMethodAccessorImpl.invoke0(Native Method) ~[?:?]
	at java.base/jdk.internal.reflect.NativeMethodAccessorImpl.invoke(NativeMethodAccessorImpl.java:77) ~[?:?]
	at java.base/jdk.internal.reflect.DelegatingMethodAccessorImpl.invoke(DelegatingMethodAccessorImpl.java:43) ~[?:?]
	at java.base/java.lang.reflect.Method.invoke(Method.java:568) ~[?:?]
	at org.springframework.aop.support.AopUtils.invokeJoinpointUsingReflection(AopUtils.java:351) ~[spring-aop-6.1.3.jar:6.1.3]
	at org.springframework.data.repository.core.support.RepositoryMethodInvoker$RepositoryFragmentMethodInvoker.lambda$new$0(RepositoryMethodInvoker.java:277) ~[spring-data-commons-3.2.2.jar:3.2.2]
	at org.springframework.data.repository.core.support.RepositoryMethodInvoker.doInvoke(RepositoryMethodInvoker.java:170) ~[spring-data-commons-3.2.2.jar:3.2.2]
	at org.springframework.data.repository.core.support.RepositoryMethodInvoker.invoke(RepositoryMethodInvoker.java:158) ~[spring-data-commons-3.2.2.jar:3.2.2]
	at org.springframework.data.repository.core.support.RepositoryComposition$RepositoryFragments.invoke(RepositoryComposition.java:516) ~[spring-data-commons-3.2.2.jar:3.2.2]
	at org.springframework.data.repository.core.support.RepositoryComposition.invoke(RepositoryComposition.java:285) ~[spring-data-commons-3.2.2.jar:3.2.2]
	at org.springframework.data.repository.core.support.RepositoryFactorySupport$ImplementationMethodExecutionInterceptor.invoke(RepositoryFactorySupport.java:628) ~[spring-data-commons-3.2.2.jar:3.2.2]
	at org.springframework.aop.framework.ReflectiveMethodInvocation.proceed(ReflectiveMethodInvocation.java:184) ~[spring-aop-6.1.3.jar:6.1.3]
	at org.springframework.data.repository.core.support.QueryExecutorMethodInterceptor.doInvoke(QueryExecutorMethodInterceptor.java:168) ~[spring-data-commons-3.2.2.jar:3.2.2]
	at org.springframework.data.repository.core.support.QueryExecutorMethodInterceptor.invoke(QueryExecutorMethodInterceptor.java:143) ~[spring-data-commons-3.2.2.jar:3.2.2]
	at org.springframework.aop.framework.ReflectiveMethodInvocation.proceed(ReflectiveMethodInvocation.java:184) ~[spring-aop-6.1.3.jar:6.1.3]
	at org.springframework.data.projection.DefaultMethodInvokingMethodInterceptor.invoke(DefaultMethodInvokingMethodInterceptor.java:70) ~[spring-data-commons-3.2.2.jar:3.2.2]
	at org.springframework.aop.framework.ReflectiveMethodInvocation.proceed(ReflectiveMethodInvocation.java:184) ~[spring-aop-6.1.3.jar:6.1.3]
	at org.springframework.transaction.interceptor.TransactionInterceptor$1.proceedWithInvocation(TransactionInterceptor.java:123) ~[spring-tx-6.1.3.jar:6.1.3]
	at org.springframework.transaction.interceptor.TransactionAspectSupport.invokeWithinTransaction(TransactionAspectSupport.java:385) ~[spring-tx-6.1.3.jar:6.1.3]
	at org.springframework.transaction.interceptor.TransactionInterceptor.invoke(TransactionInterceptor.java:119) ~[spring-tx-6.1.3.jar:6.1.3]
	at org.springframework.aop.framework.ReflectiveMethodInvocation.proceed(ReflectiveMethodInvocation.java:184) ~[spring-aop-6.1.3.jar:6.1.3]
	at org.springframework.dao.support.PersistenceExceptionTranslationInterceptor.invoke(PersistenceExceptionTranslationInterceptor.java:137) ~[spring-tx-6.1.3.jar:6.1.3]
	at org.springframework.aop.framework.ReflectiveMethodInvocation.proceed(ReflectiveMethodInvocation.java:184) ~[spring-aop-6.1.3.jar:6.1.3]
	at org.springframework.data.jpa.repository.support.CrudMethodMetadataPostProcessor$CrudMethodMetadataPopulatingMethodInterceptor.invoke(CrudMethodMetadataPostProcessor.java:164) ~[spring-data-jpa-3.2.2.jar:3.2.2]
	at org.springframework.aop.framework.ReflectiveMethodInvocation.proceed(ReflectiveMethodInvocation.java:184) ~[spring-aop-6.1.3.jar:6.1.3]
	at org.springframework.aop.interceptor.ExposeInvocationInterceptor.invoke(ExposeInvocationInterceptor.java:97) ~[spring-aop-6.1.3.jar:6.1.3]
	at org.springframework.aop.framework.ReflectiveMethodInvocation.proceed(ReflectiveMethodInvocation.java:184) ~[spring-aop-6.1.3.jar:6.1.3]
	at org.springframework.aop.framework.JdkDynamicAopProxy.invoke(JdkDynamicAopProxy.java:220) ~[spring-aop-6.1.3.jar:6.1.3]
	at jdk.proxy4/jdk.proxy4.$Proxy159.findAll(Unknown Source) ~[?:?]
	at com.example.usermanagement.UserManagementApplication$1.run(UserManagementApplication.java:50) ~[classes/:?]
	at org.springframework.boot.SpringApplication.lambda$callRunner$5(SpringApplication.java:790) ~[spring-boot-3.2.2.jar:3.2.2]
	at org.springframework.util.function.ThrowingConsumer$1.acceptWithException(ThrowingConsumer.java:83) ~[spring-core-6.1.3.jar:6.1.3]
	at org.springframework.util.function.ThrowingConsumer.accept(ThrowingConsumer.java:60) ~[spring-core-6.1.3.jar:6.1.3]
	at org.springframework.util.function.ThrowingConsumer$1.accept(ThrowingConsumer.java:88) ~[spring-core-6.1.3.jar:6.1.3]
	at org.springframework.boot.SpringApplication.callRunner(SpringApplication.java:798) ~[spring-boot-3.2.2.jar:3.2.2]
	at org.springframework.boot.SpringApplication.callRunner(SpringApplication.java:789) ~[spring-boot-3.2.2.jar:3.2.2]
	at org.springframework.boot.SpringApplication.lambda$callRunners$3(SpringApplication.java:774) ~[spring-boot-3.2.2.jar:3.2.2]
	at java.base/java.util.stream.ForEachOps$ForEachOp$OfRef.accept(ForEachOps.java:183) [?:?]
	at java.base/java.util.stream.SortedOps$SizedRefSortingSink.end(SortedOps.java:357) [?:?]
	at java.base/java.util.stream.AbstractPipeline.copyInto(AbstractPipeline.java:510) [?:?]
	at java.base/java.util.stream.AbstractPipeline.wrapAndCopyInto(AbstractPipeline.java:499) [?:?]
	at java.base/java.util.stream.ForEachOps$ForEachOp.evaluateSequential(ForEachOps.java:150) [?:?]
	at java.base/java.util.stream.ForEachOps$ForEachOp$OfRef.evaluateSequential(ForEachOps.java:173) [?:?]
	at java.base/java.util.stream.AbstractPipeline.evaluate(AbstractPipeline.java:234) [?:?]
	at java.base/java.util.stream.ReferencePipeline.forEach(ReferencePipeline.java:596) [?:?]
	at org.springframework.boot.SpringApplication.callRunners(SpringApplication.java:774) [spring-boot-3.2.2.jar:3.2.2]
	at org.springframework.boot.SpringApplication.run(SpringApplication.java:341) [spring-boot-3.2.2.jar:3.2.2]
	at org.springframework.boot.SpringApplication.run(SpringApplication.java:1354) [spring-boot-3.2.2.jar:3.2.2]
	at org.springframework.boot.SpringApplication.run(SpringApplication.java:1343) [spring-boot-3.2.2.jar:3.2.2]
	at com.example.usermanagement.UserManagementApplication.main(UserManagementApplication.java:41) [classes/:?]
	at java.base/jdk.internal.reflect.NativeMethodAccessorImpl.invoke0(Native Method) ~[?:?]
	at java.base/jdk.internal.reflect.NativeMethodAccessorImpl.invoke(NativeMethodAccessorImpl.java:77) ~[?:?]
	at java.base/jdk.internal.reflect.DelegatingMethodAccessorImpl.invoke(DelegatingMethodAccessorImpl.java:43) ~[?:?]
	at java.base/java.lang.reflect.Method.invoke(Method.java:568) ~[?:?]
	at org.springframework.boot.devtools.restart.RestartLauncher.run(RestartLauncher.java:50) [spring-boot-devtools-3.2.2.jar:3.2.2]
2024-03-29 20:21:54.154 [restartedMain] ERROR org.springframework.transaction.interceptor.TransactionInterceptor - Application exception overridden by rollback exception
java.lang.IllegalStateException: Session/EntityManager is closed
	at org.hibernate.internal.AbstractSharedSessionContract.checkOpen(AbstractSharedSessionContract.java:454) ~[hibernate-core-6.4.1.Final.jar:6.4.1.Final]
	at org.hibernate.engine.spi.SharedSessionContractImplementor.checkOpen(SharedSessionContractImplementor.java:187) ~[hibernate-core-6.4.1.Final.jar:6.4.1.Final]
	at org.hibernate.internal.AbstractSharedSessionContract.prepareForQueryExecution(AbstractSharedSessionContract.java:460) ~[hibernate-core-6.4.1.Final.jar:6.4.1.Final]
	at org.hibernate.query.spi.AbstractSelectionQuery.beforeQuery(AbstractSelectionQuery.java:460) ~[hibernate-core-6.4.1.Final.jar:6.4.1.Final]
	at org.hibernate.query.spi.AbstractSelectionQuery.beforeQueryHandlingFetchProfiles(AbstractSelectionQuery.java:446) ~[hibernate-core-6.4.1.Final.jar:6.4.1.Final]
	at org.hibernate.query.spi.AbstractSelectionQuery.list(AbstractSelectionQuery.java:424) ~[hibernate-core-6.4.1.Final.jar:6.4.1.Final]
	at org.hibernate.query.Query.getResultList(Query.java:120) ~[hibernate-core-6.4.1.Final.jar:6.4.1.Final]
	at org.springframework.data.jpa.repository.support.SimpleJpaRepository.findAll(SimpleJpaRepository.java:383) ~[spring-data-jpa-3.2.2.jar:3.2.2]
	at org.springframework.data.jpa.repository.support.SimpleJpaRepository.findAll(SimpleJpaRepository.java:1) ~[spring-data-jpa-3.2.2.jar:3.2.2]
	at java.base/jdk.internal.reflect.NativeMethodAccessorImpl.invoke0(Native Method) ~[?:?]
	at java.base/jdk.internal.reflect.NativeMethodAccessorImpl.invoke(NativeMethodAccessorImpl.java:77) ~[?:?]
	at java.base/jdk.internal.reflect.DelegatingMethodAccessorImpl.invoke(DelegatingMethodAccessorImpl.java:43) ~[?:?]
	at java.base/java.lang.reflect.Method.invoke(Method.java:568) ~[?:?]
	at org.springframework.aop.support.AopUtils.invokeJoinpointUsingReflection(AopUtils.java:351) ~[spring-aop-6.1.3.jar:6.1.3]
	at org.springframework.data.repository.core.support.RepositoryMethodInvoker$RepositoryFragmentMethodInvoker.lambda$new$0(RepositoryMethodInvoker.java:277) ~[spring-data-commons-3.2.2.jar:3.2.2]
	at org.springframework.data.repository.core.support.RepositoryMethodInvoker.doInvoke(RepositoryMethodInvoker.java:170) ~[spring-data-commons-3.2.2.jar:3.2.2]
	at org.springframework.data.repository.core.support.RepositoryMethodInvoker.invoke(RepositoryMethodInvoker.java:158) ~[spring-data-commons-3.2.2.jar:3.2.2]
	at org.springframework.data.repository.core.support.RepositoryComposition$RepositoryFragments.invoke(RepositoryComposition.java:516) ~[spring-data-commons-3.2.2.jar:3.2.2]
	at org.springframework.data.repository.core.support.RepositoryComposition.invoke(RepositoryComposition.java:285) ~[spring-data-commons-3.2.2.jar:3.2.2]
	at org.springframework.data.repository.core.support.RepositoryFactorySupport$ImplementationMethodExecutionInterceptor.invoke(RepositoryFactorySupport.java:628) ~[spring-data-commons-3.2.2.jar:3.2.2]
	at org.springframework.aop.framework.ReflectiveMethodInvocation.proceed(ReflectiveMethodInvocation.java:184) ~[spring-aop-6.1.3.jar:6.1.3]
	at org.springframework.data.repository.core.support.QueryExecutorMethodInterceptor.doInvoke(QueryExecutorMethodInterceptor.java:168) ~[spring-data-commons-3.2.2.jar:3.2.2]
	at org.springframework.data.repository.core.support.QueryExecutorMethodInterceptor.invoke(QueryExecutorMethodInterceptor.java:143) ~[spring-data-commons-3.2.2.jar:3.2.2]
	at org.springframework.aop.framework.ReflectiveMethodInvocation.proceed(ReflectiveMethodInvocation.java:184) ~[spring-aop-6.1.3.jar:6.1.3]
	at org.springframework.data.projection.DefaultMethodInvokingMethodInterceptor.invoke(DefaultMethodInvokingMethodInterceptor.java:70) ~[spring-data-commons-3.2.2.jar:3.2.2]
	at org.springframework.aop.framework.ReflectiveMethodInvocation.proceed(ReflectiveMethodInvocation.java:184) ~[spring-aop-6.1.3.jar:6.1.3]
	at org.springframework.transaction.interceptor.TransactionInterceptor$1.proceedWithInvocation(TransactionInterceptor.java:123) ~[spring-tx-6.1.3.jar:6.1.3]
	at org.springframework.transaction.interceptor.TransactionAspectSupport.invokeWithinTransaction(TransactionAspectSupport.java:385) ~[spring-tx-6.1.3.jar:6.1.3]
	at org.springframework.transaction.interceptor.TransactionInterceptor.invoke(TransactionInterceptor.java:119) ~[spring-tx-6.1.3.jar:6.1.3]
	at org.springframework.aop.framework.ReflectiveMethodInvocation.proceed(ReflectiveMethodInvocation.java:184) ~[spring-aop-6.1.3.jar:6.1.3]
	at org.springframework.dao.support.PersistenceExceptionTranslationInterceptor.invoke(PersistenceExceptionTranslationInterceptor.java:137) ~[spring-tx-6.1.3.jar:6.1.3]
	at org.springframework.aop.framework.ReflectiveMethodInvocation.proceed(ReflectiveMethodInvocation.java:184) ~[spring-aop-6.1.3.jar:6.1.3]
	at org.springframework.data.jpa.repository.support.CrudMethodMetadataPostProcessor$CrudMethodMetadataPopulatingMethodInterceptor.invoke(CrudMethodMetadataPostProcessor.java:164) ~[spring-data-jpa-3.2.2.jar:3.2.2]
	at org.springframework.aop.framework.ReflectiveMethodInvocation.proceed(ReflectiveMethodInvocation.java:184) ~[spring-aop-6.1.3.jar:6.1.3]
	at org.springframework.aop.interceptor.ExposeInvocationInterceptor.invoke(ExposeInvocationInterceptor.java:97) ~[spring-aop-6.1.3.jar:6.1.3]
	at org.springframework.aop.framework.ReflectiveMethodInvocation.proceed(ReflectiveMethodInvocation.java:184) ~[spring-aop-6.1.3.jar:6.1.3]
	at org.springframework.aop.framework.JdkDynamicAopProxy.invoke(JdkDynamicAopProxy.java:220) ~[spring-aop-6.1.3.jar:6.1.3]
	at jdk.proxy4/jdk.proxy4.$Proxy159.findAll(Unknown Source) ~[?:?]
	at com.example.usermanagement.UserManagementApplication$1.run(UserManagementApplication.java:50) ~[classes/:?]
	at org.springframework.boot.SpringApplication.lambda$callRunner$5(SpringApplication.java:790) ~[spring-boot-3.2.2.jar:3.2.2]
	at org.springframework.util.function.ThrowingConsumer$1.acceptWithException(ThrowingConsumer.java:83) ~[spring-core-6.1.3.jar:6.1.3]
	at org.springframework.util.function.ThrowingConsumer.accept(ThrowingConsumer.java:60) ~[spring-core-6.1.3.jar:6.1.3]
	at org.springframework.util.function.ThrowingConsumer$1.accept(ThrowingConsumer.java:88) ~[spring-core-6.1.3.jar:6.1.3]
	at org.springframework.boot.SpringApplication.callRunner(SpringApplication.java:798) ~[spring-boot-3.2.2.jar:3.2.2]
	at org.springframework.boot.SpringApplication.callRunner(SpringApplication.java:789) ~[spring-boot-3.2.2.jar:3.2.2]
	at org.springframework.boot.SpringApplication.lambda$callRunners$3(SpringApplication.java:774) ~[spring-boot-3.2.2.jar:3.2.2]
	at java.base/java.util.stream.ForEachOps$ForEachOp$OfRef.accept(ForEachOps.java:183) [?:?]
	at java.base/java.util.stream.SortedOps$SizedRefSortingSink.end(SortedOps.java:357) [?:?]
	at java.base/java.util.stream.AbstractPipeline.copyInto(AbstractPipeline.java:510) [?:?]
	at java.base/java.util.stream.AbstractPipeline.wrapAndCopyInto(AbstractPipeline.java:499) [?:?]
	at java.base/java.util.stream.ForEachOps$ForEachOp.evaluateSequential(ForEachOps.java:150) [?:?]
	at java.base/java.util.stream.ForEachOps$ForEachOp$OfRef.evaluateSequential(ForEachOps.java:173) [?:?]
	at java.base/java.util.stream.AbstractPipeline.evaluate(AbstractPipeline.java:234) [?:?]
	at java.base/java.util.stream.ReferencePipeline.forEach(ReferencePipeline.java:596) [?:?]
	at org.springframework.boot.SpringApplication.callRunners(SpringApplication.java:774) [spring-boot-3.2.2.jar:3.2.2]
	at org.springframework.boot.SpringApplication.run(SpringApplication.java:341) [spring-boot-3.2.2.jar:3.2.2]
	at org.springframework.boot.SpringApplication.run(SpringApplication.java:1354) [spring-boot-3.2.2.jar:3.2.2]
	at org.springframework.boot.SpringApplication.run(SpringApplication.java:1343) [spring-boot-3.2.2.jar:3.2.2]
	at com.example.usermanagement.UserManagementApplication.main(UserManagementApplication.java:41) [classes/:?]
	at java.base/jdk.internal.reflect.NativeMethodAccessorImpl.invoke0(Native Method) ~[?:?]
	at java.base/jdk.internal.reflect.NativeMethodAccessorImpl.invoke(NativeMethodAccessorImpl.java:77) ~[?:?]
	at java.base/jdk.internal.reflect.DelegatingMethodAccessorImpl.invoke(DelegatingMethodAccessorImpl.java:43) ~[?:?]
	at java.base/java.lang.reflect.Method.invoke(Method.java:568) ~[?:?]
	at org.springframework.boot.devtools.restart.RestartLauncher.run(RestartLauncher.java:50) [spring-boot-devtools-3.2.2.jar:3.2.2]
2024-03-29 20:58:51.157 [restartedMain] ERROR org.springframework.boot.diagnostics.LoggingFailureAnalysisReporter - 

***************************
APPLICATION FAILED TO START
***************************

Description:

Parameter 1 of constructor in com.example.usermanagement.controller.AuthenticationController required a bean of type 'com.example.usermanagement.service.AuthenticationService' that could not be found.


Action:

Consider defining a bean of type 'com.example.usermanagement.service.AuthenticationService' in your configuration.

